<?xml version="1.0" encoding="UTF-8"?>
<robot generator="Robot 4.1.1 (Python 3.9.7 on darwin)" generated="20211020 21:20:42.950" rpa="false" schemaversion="2">
<suite id="s1" name="Login" source="/Users/danielfuentes/Developer/Robot/koddi-danielf/Tests/Login.robot">
<test id="s1-t1" name="Verify Successful Login to OrangeHRM">
<kw name="Open Browser" library="SeleniumLibrary">
<arg>https://opensource-demo.orangehrmlive.com/</arg>
<arg>Chrome</arg>
<doc>Opens a new browser instance to the optional ``url``.</doc>
<msg timestamp="20211020 21:20:43.173" level="INFO">Opening browser 'Chrome' to base url 'https://opensource-demo.orangehrmlive.com/'.</msg>
<status status="PASS" starttime="20211020 21:20:43.173" endtime="20211020 21:20:47.316"/>
</kw>
<kw name="Wait Until Element Is Visible" library="SeleniumLibrary">
<arg>id:txtUsername</arg>
<arg>timeout=5</arg>
<doc>Waits until the element ``locator`` is visible.</doc>
<status status="PASS" starttime="20211020 21:20:47.316" endtime="20211020 21:20:47.337"/>
</kw>
<kw name="Input Text" library="SeleniumLibrary">
<arg>id:txtUsername</arg>
<arg>Admin</arg>
<doc>Types the given ``text`` into the text field identified by ``locator``.</doc>
<msg timestamp="20211020 21:20:47.338" level="INFO">Typing text 'Admin' into text field 'id:txtUsername'.</msg>
<status status="PASS" starttime="20211020 21:20:47.337" endtime="20211020 21:20:47.446"/>
</kw>
<kw name="Input Password" library="SeleniumLibrary">
<arg>id:txtPassword</arg>
<arg>admin123</arg>
<doc>Types the given password into the text field identified by ``locator``.</doc>
<msg timestamp="20211020 21:20:47.447" level="INFO">Typing password into text field 'id:txtPassword'.</msg>
<msg timestamp="20211020 21:20:47.475" level="INFO">Temporally setting log level to: NONE</msg>
<msg timestamp="20211020 21:20:47.508" level="INFO">Log level changed from NONE to INFO.</msg>
<status status="PASS" starttime="20211020 21:20:47.446" endtime="20211020 21:20:47.508"/>
</kw>
<kw name="Click Element" library="SeleniumLibrary">
<arg>id:btnLogin</arg>
<doc>Click the element identified by ``locator``.</doc>
<msg timestamp="20211020 21:20:47.508" level="INFO">Clicking element 'id:btnLogin'.</msg>
<status status="PASS" starttime="20211020 21:20:47.508" endtime="20211020 21:20:49.655"/>
</kw>
<kw name="Element Should Be Visible" library="SeleniumLibrary">
<arg>id:welcome</arg>
<arg>timeout=5</arg>
<doc>Verifies that the element identified by ``locator`` is visible.</doc>
<msg timestamp="20211020 21:20:49.672" level="INFO">Element 'id:welcome' is displayed.</msg>
<status status="PASS" starttime="20211020 21:20:49.655" endtime="20211020 21:20:49.672"/>
</kw>
<kw name="Close Browser" library="SeleniumLibrary">
<doc>Closes the current browser.</doc>
<status status="PASS" starttime="20211020 21:20:49.672" endtime="20211020 21:20:49.798"/>
</kw>
<doc>This test case verifies that user is able to successfully Login to OrangeHRM</doc>
<tag>Smoke</tag>
<status status="PASS" starttime="20211020 21:20:43.172" endtime="20211020 21:20:49.798"/>
</test>
<test id="s1-t2" name="Verify Successful Login to the-internet.herokuapp">
<kw name="Open Browser" library="SeleniumLibrary">
<arg>https://the-internet.herokuapp.com/login</arg>
<arg>Chrome</arg>
<doc>Opens a new browser instance to the optional ``url``.</doc>
<msg timestamp="20211020 21:20:49.800" level="INFO">Opening browser 'Chrome' to base url 'https://the-internet.herokuapp.com/login'.</msg>
<status status="PASS" starttime="20211020 21:20:49.800" endtime="20211020 21:20:53.377"/>
</kw>
<kw name="Wait Until Element Is Visible" library="SeleniumLibrary">
<arg>id:username</arg>
<arg>timeout=5</arg>
<doc>Waits until the element ``locator`` is visible.</doc>
<status status="PASS" starttime="20211020 21:20:53.377" endtime="20211020 21:20:53.396"/>
</kw>
<kw name="Input Text" library="SeleniumLibrary">
<arg>id:username</arg>
<arg>tomsmith</arg>
<doc>Types the given ``text`` into the text field identified by ``locator``.</doc>
<msg timestamp="20211020 21:20:53.397" level="INFO">Typing text 'tomsmith' into text field 'id:username'.</msg>
<status status="PASS" starttime="20211020 21:20:53.396" endtime="20211020 21:20:53.539"/>
</kw>
<kw name="Input Password" library="SeleniumLibrary">
<arg>id:password</arg>
<arg>SuperSecretPassword!</arg>
<doc>Types the given password into the text field identified by ``locator``.</doc>
<msg timestamp="20211020 21:20:53.539" level="INFO">Typing password into text field 'id:password'.</msg>
<msg timestamp="20211020 21:20:53.568" level="INFO">Temporally setting log level to: NONE</msg>
<msg timestamp="20211020 21:20:53.606" level="INFO">Log level changed from NONE to INFO.</msg>
<status status="PASS" starttime="20211020 21:20:53.539" endtime="20211020 21:20:53.606"/>
</kw>
<kw name="Click Element" library="SeleniumLibrary">
<arg>css:button[type="submit"]</arg>
<doc>Click the element identified by ``locator``.</doc>
<msg timestamp="20211020 21:20:53.607" level="INFO">Clicking element 'css:button[type="submit"]'.</msg>
<status status="PASS" starttime="20211020 21:20:53.607" endtime="20211020 21:20:53.891"/>
</kw>
<kw name="Element Should Be Visible" library="SeleniumLibrary">
<arg>css:[href="/logout"]</arg>
<arg>timeout=5</arg>
<doc>Verifies that the element identified by ``locator`` is visible.</doc>
<msg timestamp="20211020 21:20:53.908" level="INFO">Element 'css:[href="/logout"]' is displayed.</msg>
<status status="PASS" starttime="20211020 21:20:53.891" endtime="20211020 21:20:53.909"/>
</kw>
<kw name="Close Browser" library="SeleniumLibrary">
<doc>Closes the current browser.</doc>
<status status="PASS" starttime="20211020 21:20:53.909" endtime="20211020 21:20:53.976"/>
</kw>
<doc>This test case verifies that user is able to successfully Login to the-internet.herokuapp</doc>
<tag>Smoke</tag>
<status status="PASS" starttime="20211020 21:20:49.799" endtime="20211020 21:20:53.976"/>
</test>
<doc>Login Functionality</doc>
<status status="PASS" starttime="20211020 21:20:42.951" endtime="20211020 21:20:53.977"/>
</suite>
<statistics>
<total>
<stat pass="2" fail="0" skip="0">All Tests</stat>
</total>
<tag>
<stat pass="2" fail="0" skip="0">Smoke</stat>
</tag>
<suite>
<stat pass="2" fail="0" skip="0" id="s1" name="Login">Login</stat>
</suite>
</statistics>
<errors>
</errors>
</robot>
