<?xml version="1.0" encoding="UTF-8"?>
<robot generator="Robot 4.1.1 (Python 3.9.7 on darwin)" generated="20211020 22:20:16.450" rpa="false" schemaversion="2">
<suite id="s1" name="Login" source="/Users/danielfuentes/Developer/Robot/koddi-danielf/Tests/Login.robot">
<test id="s1-t1" name="Verify Successful Login to OrangeHRM">
<kw name="Open Browser" library="SeleniumLibrary">
<arg>https://opensource-demo.orangehrmlive.com/</arg>
<arg>Chrome</arg>
<doc>Opens a new browser instance to the optional ``url``.</doc>
<msg timestamp="20211020 22:20:16.654" level="INFO">Opening browser 'Chrome' to base url 'https://opensource-demo.orangehrmlive.com/'.</msg>
<status status="PASS" starttime="20211020 22:20:16.654" endtime="20211020 22:20:20.420"/>
</kw>
<kw name="Wait Until Element Is Visible" library="SeleniumLibrary">
<arg>id:txtUsername</arg>
<arg>timeout=5</arg>
<doc>Waits until the element ``locator`` is visible.</doc>
<status status="PASS" starttime="20211020 22:20:20.421" endtime="20211020 22:20:20.447"/>
</kw>
<kw name="Input Text" library="SeleniumLibrary">
<arg>id:txtUsername</arg>
<arg>Admin</arg>
<doc>Types the given ``text`` into the text field identified by ``locator``.</doc>
<msg timestamp="20211020 22:20:20.447" level="INFO">Typing text 'Admin' into text field 'id:txtUsername'.</msg>
<status status="PASS" starttime="20211020 22:20:20.447" endtime="20211020 22:20:20.577"/>
</kw>
<kw name="Input Password" library="SeleniumLibrary">
<arg>id:txtPassword</arg>
<arg>admin123</arg>
<doc>Types the given password into the text field identified by ``locator``.</doc>
<msg timestamp="20211020 22:20:20.578" level="INFO">Typing password into text field 'id:txtPassword'.</msg>
<msg timestamp="20211020 22:20:20.608" level="INFO">Temporally setting log level to: NONE</msg>
<msg timestamp="20211020 22:20:20.656" level="INFO">Log level changed from NONE to INFO.</msg>
<status status="PASS" starttime="20211020 22:20:20.577" endtime="20211020 22:20:20.656"/>
</kw>
<kw name="Click Element" library="SeleniumLibrary">
<arg>id:btnLogin</arg>
<doc>Click the element identified by ``locator``.</doc>
<msg timestamp="20211020 22:20:20.656" level="INFO">Clicking element 'id:btnLogin'.</msg>
<status status="PASS" starttime="20211020 22:20:20.656" endtime="20211020 22:20:23.143"/>
</kw>
<kw name="Element Should Be Visible" library="SeleniumLibrary">
<arg>id:welcome</arg>
<arg>timeout=5</arg>
<doc>Verifies that the element identified by ``locator`` is visible.</doc>
<msg timestamp="20211020 22:20:23.163" level="INFO">Element 'id:welcome' is displayed.</msg>
<status status="PASS" starttime="20211020 22:20:23.143" endtime="20211020 22:20:23.163"/>
</kw>
<kw name="Close Browser" library="SeleniumLibrary">
<doc>Closes the current browser.</doc>
<status status="PASS" starttime="20211020 22:20:23.164" endtime="20211020 22:20:23.236"/>
</kw>
<status status="PASS" starttime="20211020 22:20:16.653" endtime="20211020 22:20:23.236"/>
</test>
<test id="s1-t2" name="Verify Successful Login to the-internet.herokuapp">
<kw name="Open Browser" library="SeleniumLibrary">
<arg>https://the-internet.herokuapp.com/login</arg>
<arg>Chrome</arg>
<doc>Opens a new browser instance to the optional ``url``.</doc>
<msg timestamp="20211020 22:20:23.238" level="INFO">Opening browser 'Chrome' to base url 'https://the-internet.herokuapp.com/login'.</msg>
<status status="PASS" starttime="20211020 22:20:23.237" endtime="20211020 22:20:26.530"/>
</kw>
<kw name="Wait Until Element Is Visible" library="SeleniumLibrary">
<arg>id:username</arg>
<arg>timeout=5</arg>
<doc>Waits until the element ``locator`` is visible.</doc>
<status status="PASS" starttime="20211020 22:20:26.530" endtime="20211020 22:20:26.551"/>
</kw>
<kw name="Input Text" library="SeleniumLibrary">
<arg>id:username</arg>
<arg>tomsmith</arg>
<doc>Types the given ``text`` into the text field identified by ``locator``.</doc>
<msg timestamp="20211020 22:20:26.551" level="INFO">Typing text 'tomsmith' into text field 'id:username'.</msg>
<status status="PASS" starttime="20211020 22:20:26.551" endtime="20211020 22:20:26.684"/>
</kw>
<kw name="Input Password" library="SeleniumLibrary">
<arg>id:password</arg>
<arg>SuperSecretPassword!</arg>
<doc>Types the given password into the text field identified by ``locator``.</doc>
<msg timestamp="20211020 22:20:26.684" level="INFO">Typing password into text field 'id:password'.</msg>
<msg timestamp="20211020 22:20:26.714" level="INFO">Temporally setting log level to: NONE</msg>
<msg timestamp="20211020 22:20:26.755" level="INFO">Log level changed from NONE to INFO.</msg>
<status status="PASS" starttime="20211020 22:20:26.684" endtime="20211020 22:20:26.755"/>
</kw>
<kw name="Click Element" library="SeleniumLibrary">
<arg>css:button[type="submit"]</arg>
<doc>Click the element identified by ``locator``.</doc>
<msg timestamp="20211020 22:20:26.756" level="INFO">Clicking element 'css:button[type="submit"]'.</msg>
<status status="PASS" starttime="20211020 22:20:26.755" endtime="20211020 22:20:27.046"/>
</kw>
<kw name="Element Should Be Visible" library="SeleniumLibrary">
<arg>css:[href="/logout"]</arg>
<arg>timeout=5</arg>
<doc>Verifies that the element identified by ``locator`` is visible.</doc>
<msg timestamp="20211020 22:20:27.063" level="INFO">Element 'css:[href="/logout"]' is displayed.</msg>
<status status="PASS" starttime="20211020 22:20:27.046" endtime="20211020 22:20:27.063"/>
</kw>
<kw name="Close Browser" library="SeleniumLibrary">
<doc>Closes the current browser.</doc>
<status status="PASS" starttime="20211020 22:20:27.064" endtime="20211020 22:20:27.131"/>
</kw>
<status status="PASS" starttime="20211020 22:20:23.237" endtime="20211020 22:20:27.131"/>
</test>
<doc>Login Functionality</doc>
<status status="PASS" starttime="20211020 22:20:16.451" endtime="20211020 22:20:27.132"/>
</suite>
<statistics>
<total>
<stat pass="2" fail="0" skip="0">All Tests</stat>
</total>
<tag>
</tag>
<suite>
<stat pass="2" fail="0" skip="0" id="s1" name="Login">Login</stat>
</suite>
</statistics>
<errors>
</errors>
</robot>
