<?xml version="1.0" encoding="UTF-8"?>
<robot generator="Robot 4.1.1 (Python 3.9.7 on darwin)" generated="20211020 21:40:27.289" rpa="false" schemaversion="2">
<suite id="s1" name="Login" source="/Users/danielfuentes/Developer/Robot/koddi-danielf/Tests/Login.robot">
<test id="s1-t1" name="Verify Successful Login to OrangeHRM">
<kw name="Open Browser" library="SeleniumLibrary">
<arg>https://opensource-demo.orangehrmlive.com/</arg>
<arg>Chrome</arg>
<doc>Opens a new browser instance to the optional ``url``.</doc>
<msg timestamp="20211020 21:40:27.490" level="INFO">Opening browser 'Chrome' to base url 'https://opensource-demo.orangehrmlive.com/'.</msg>
<status status="PASS" starttime="20211020 21:40:27.489" endtime="20211020 21:40:31.457"/>
</kw>
<kw name="Wait Until Element Is Visible" library="SeleniumLibrary">
<arg>id:txtUsername</arg>
<arg>timeout=5</arg>
<doc>Waits until the element ``locator`` is visible.</doc>
<status status="PASS" starttime="20211020 21:40:31.458" endtime="20211020 21:40:31.480"/>
</kw>
<kw name="Input Text" library="SeleniumLibrary">
<arg>id:txtUsername</arg>
<arg>Admin</arg>
<doc>Types the given ``text`` into the text field identified by ``locator``.</doc>
<msg timestamp="20211020 21:40:31.480" level="INFO">Typing text 'Admin' into text field 'id:txtUsername'.</msg>
<status status="PASS" starttime="20211020 21:40:31.480" endtime="20211020 21:40:31.596"/>
</kw>
<kw name="Input Password" library="SeleniumLibrary">
<arg>id:txtPassword</arg>
<arg>admin123</arg>
<doc>Types the given password into the text field identified by ``locator``.</doc>
<msg timestamp="20211020 21:40:31.597" level="INFO">Typing password into text field 'id:txtPassword'.</msg>
<msg timestamp="20211020 21:40:31.626" level="INFO">Temporally setting log level to: NONE</msg>
<msg timestamp="20211020 21:40:31.661" level="INFO">Log level changed from NONE to INFO.</msg>
<status status="PASS" starttime="20211020 21:40:31.596" endtime="20211020 21:40:31.661"/>
</kw>
<kw name="Click Element" library="SeleniumLibrary">
<arg>id:btnLogin</arg>
<doc>Click the element identified by ``locator``.</doc>
<msg timestamp="20211020 21:40:31.661" level="INFO">Clicking element 'id:btnLogin'.</msg>
<status status="PASS" starttime="20211020 21:40:31.661" endtime="20211020 21:40:34.352"/>
</kw>
<kw name="Element Should Be Visible" library="SeleniumLibrary">
<arg>id:welcome</arg>
<arg>timeout=5</arg>
<doc>Verifies that the element identified by ``locator`` is visible.</doc>
<msg timestamp="20211020 21:40:34.369" level="INFO">Element 'id:welcome' is displayed.</msg>
<status status="PASS" starttime="20211020 21:40:34.352" endtime="20211020 21:40:34.370"/>
</kw>
<kw name="Close Browser" library="SeleniumLibrary">
<doc>Closes the current browser.</doc>
<status status="PASS" starttime="20211020 21:40:34.370" endtime="20211020 21:40:34.446"/>
</kw>
<doc>This test case verifies that user is able to successfully Login to OrangeHRM</doc>
<tag>Smoke</tag>
<status status="PASS" starttime="20211020 21:40:27.488" endtime="20211020 21:40:34.447"/>
</test>
<test id="s1-t2" name="Verify Successful Login to the-internet.herokuapp">
<kw name="Open Browser" library="SeleniumLibrary">
<arg>https://the-internet.herokuapp.com/login</arg>
<arg>Chrome</arg>
<doc>Opens a new browser instance to the optional ``url``.</doc>
<msg timestamp="20211020 21:40:34.449" level="INFO">Opening browser 'Chrome' to base url 'https://the-internet.herokuapp.com/login'.</msg>
<status status="PASS" starttime="20211020 21:40:34.448" endtime="20211020 21:40:38.085"/>
</kw>
<kw name="Wait Until Element Is Visible" library="SeleniumLibrary">
<arg>id:username</arg>
<arg>timeout=5</arg>
<doc>Waits until the element ``locator`` is visible.</doc>
<status status="PASS" starttime="20211020 21:40:38.085" endtime="20211020 21:40:38.105"/>
</kw>
<kw name="Input Text" library="SeleniumLibrary">
<arg>id:username</arg>
<arg>tomsmith</arg>
<doc>Types the given ``text`` into the text field identified by ``locator``.</doc>
<msg timestamp="20211020 21:40:38.105" level="INFO">Typing text 'tomsmith' into text field 'id:username'.</msg>
<status status="PASS" starttime="20211020 21:40:38.105" endtime="20211020 21:40:38.217"/>
</kw>
<kw name="Input Password" library="SeleniumLibrary">
<arg>id:password</arg>
<arg>SuperSecretPassword!</arg>
<doc>Types the given password into the text field identified by ``locator``.</doc>
<msg timestamp="20211020 21:40:38.217" level="INFO">Typing password into text field 'id:password'.</msg>
<msg timestamp="20211020 21:40:38.247" level="INFO">Temporally setting log level to: NONE</msg>
<msg timestamp="20211020 21:40:38.286" level="INFO">Log level changed from NONE to INFO.</msg>
<status status="PASS" starttime="20211020 21:40:38.217" endtime="20211020 21:40:38.286"/>
</kw>
<kw name="Click Element" library="SeleniumLibrary">
<arg>css:button[type="submit"]</arg>
<doc>Click the element identified by ``locator``.</doc>
<msg timestamp="20211020 21:40:38.287" level="INFO">Clicking element 'css:button[type="submit"]'.</msg>
<status status="PASS" starttime="20211020 21:40:38.286" endtime="20211020 21:40:38.559"/>
</kw>
<kw name="Element Should Be Visible" library="SeleniumLibrary">
<arg>css:[href="/logout"]</arg>
<arg>timeout=5</arg>
<doc>Verifies that the element identified by ``locator`` is visible.</doc>
<msg timestamp="20211020 21:40:38.576" level="INFO">Element 'css:[href="/logout"]' is displayed.</msg>
<status status="PASS" starttime="20211020 21:40:38.559" endtime="20211020 21:40:38.576"/>
</kw>
<kw name="Close Browser" library="SeleniumLibrary">
<doc>Closes the current browser.</doc>
<status status="PASS" starttime="20211020 21:40:38.576" endtime="20211020 21:40:38.647"/>
</kw>
<doc>This test case verifies that user is able to successfully Login to the-internet.herokuapp</doc>
<tag>Smoke</tag>
<status status="PASS" starttime="20211020 21:40:34.448" endtime="20211020 21:40:38.647"/>
</test>
<doc>Login Functionality</doc>
<status status="PASS" starttime="20211020 21:40:27.290" endtime="20211020 21:40:38.649"/>
</suite>
<statistics>
<total>
<stat pass="2" fail="0" skip="0">All Tests</stat>
</total>
<tag>
<stat pass="2" fail="0" skip="0">Smoke</stat>
</tag>
<suite>
<stat pass="2" fail="0" skip="0" id="s1" name="Login">Login</stat>
</suite>
</statistics>
<errors>
</errors>
</robot>
